<?xml version="1.0" encoding="UTF-8"?>
<!-- Generated by org.testng.reporters.JUnitReportReporter -->
<testsuite ignored="0" hostname="DESKTOP-K1FS0GE" failures="0" tests="1" name="practicaSel.NewTest" time="18.808" errors="0" timestamp="13 nov. 2023 23:53:47 GMT" skipped="0">
  <testcase classname="practicaSel.NewTest" name="f" time="18.808"/>
</testsuite> <!-- practicaSel.NewTest -->
